###############################################################################
# Copyright (c) 2004, 2017, Oracle and/or its affiliates. All rights reserved.
#
#
#  NAME
#    oidContextUpgradeFrom101200.lst - <one-line expansion of the name>
#
#  DESCRIPTION
#    <short description of the directory actions this file performs>
#
#  OID VERSION DEPENDENCY
#    This ldif meta-file will only work with OID versions 
#    <version#, e.g. 9.0.4> and above.
#
#  SUBSTITUTION VARIABLES
#    %s_VarName%: <Variable description>
#
#  NOTES
#    <useful information about this file>
#
#  REVISION HISTORY
#  MODIFIED   (MM/DD/YY)
#
###############################################################################

# Common Context Upgrade File.
oidContextUpgradeFrom101200Common.sbs







###############################################################################
## End of file oidContextUpgradeFrom101200.lst
###############################################################################

