[0407/094607.592:ERROR:viz_main_impl.cc(169)] Exiting GPU process due to errors during initialization
[0407/094607.748:ERROR:viz_main_impl.cc(169)] Exiting GPU process due to errors during initialization
[0407/094607.761:ERROR:browser_gpu_channel_host_factory.cc(139)] Failed to launch GPU process.
[0407/094615.501:ERROR:browser_gpu_channel_host_factory.cc(139)] Failed to launch GPU process.
[0407/094617.050:WARNING:sqlite_persistent_cookie_store.cc(1000)] Cookie database is too new.
[0407/094617.052:WARNING:sqlite_persistent_cookie_store.cc(1000)] Cookie database is too new.
[0407/094619.092:INFO:CONSOLE(183)] "Using jquery from GX distr.", source: https://start2.genexus.com/gxgral.js?126726 (183)
[0407/094619.092:INFO:CONSOLE(183)] "global $ is jquery1.9.1", source: https://start2.genexus.com/gxgral.js?126726 (183)
[0407/094619.535:INFO:CONSOLE(183)] "Using jquery from GX distr.", source: https://start2.genexus.com/gxgral.js?126726 (183)
[0407/094619.535:INFO:CONSOLE(183)] "global $ is jquery1.9.1", source: https://start2.genexus.com/gxgral.js?126726 (183)
[0407/095010.704:INFO:CONSOLE(183)] "Using jquery from GX distr.", source: https://start2.genexus.com/gxgral.js?126726 (183)
[0407/095010.704:INFO:CONSOLE(183)] "global $ is jquery1.9.1", source: https://start2.genexus.com/gxgral.js?126726 (183)
[0517/141850.829:ERROR:viz_main_impl.cc(169)] Exiting GPU process due to errors during initialization
[0517/141850.970:ERROR:viz_main_impl.cc(169)] Exiting GPU process due to errors during initialization
[0517/141850.985:ERROR:browser_gpu_channel_host_factory.cc(139)] Failed to launch GPU process.
[0517/141857.136:ERROR:browser_gpu_channel_host_factory.cc(139)] Failed to launch GPU process.
[0517/141906.159:WARNING:sqlite_persistent_cookie_store.cc(1000)] Cookie database is too new.
[0517/141906.160:WARNING:sqlite_persistent_cookie_store.cc(1000)] Cookie database is too new.
[0517/141906.203:WARNING:backend_impl.cc(1853)] Destroying invalid entry.
[0517/141906.203:ERROR:backend_impl.cc(1063)] Critical error found -8
[0517/141909.485:WARNING:storage_block-inl.h(131)] Failed data load.
[0517/141909.485:WARNING:storage_block-inl.h(131)] Failed data load.
[0517/141909.485:WARNING:storage_block-inl.h(131)] Failed data load.
[0517/141909.501:WARNING:storage_block-inl.h(131)] Failed data load.
[0517/141909.501:WARNING:storage_block-inl.h(131)] Failed data load.
[0517/141909.501:ERROR:entry_impl.cc(985)] Failed to save user data
[0517/141909.501:ERROR:entry_impl.cc(985)] Failed to save user data
[0517/141910.282:INFO:CONSOLE(183)] "Using jquery from GX distr.", source: https://start2.genexus.com/gxgral.js?126726 (183)
[0517/141910.282:INFO:CONSOLE(183)] "global $ is jquery1.9.1", source: https://start2.genexus.com/gxgral.js?126726 (183)
[0517/141910.874:INFO:CONSOLE(183)] "Using jquery from GX distr.", source: https://start2.genexus.com/gxgral.js?126726 (183)
[0517/141910.874:INFO:CONSOLE(183)] "global $ is jquery1.9.1", source: https://start2.genexus.com/gxgral.js?126726 (183)
[0517/142019.255:INFO:CONSOLE(183)] "Using jquery from GX distr.", source: https://start2.genexus.com/gxgral.js?126726 (183)
[0517/142019.255:INFO:CONSOLE(183)] "global $ is jquery1.9.1", source: https://start2.genexus.com/gxgral.js?126726 (183)
[0517/142109.220:ERROR:viz_main_impl.cc(169)] Exiting GPU process due to errors during initialization
[0517/142109.391:ERROR:viz_main_impl.cc(169)] Exiting GPU process due to errors during initialization
[0517/142109.391:ERROR:browser_gpu_channel_host_factory.cc(139)] Failed to launch GPU process.
[0517/142113.391:ERROR:browser_gpu_channel_host_factory.cc(139)] Failed to launch GPU process.
[0517/142119.652:WARNING:sqlite_persistent_cookie_store.cc(1000)] Cookie database is too new.
[0517/142119.654:WARNING:sqlite_persistent_cookie_store.cc(1000)] Cookie database is too new.
[0517/142123.110:INFO:CONSOLE(183)] "Using jquery from GX distr.", source: https://start2.genexus.com/gxgral.js?126726 (183)
[0517/142123.110:INFO:CONSOLE(183)] "global $ is jquery1.9.1", source: https://start2.genexus.com/gxgral.js?126726 (183)
[0517/142123.485:WARNING:spdy_session.cc(3180)] Received HEADERS for invalid stream 1
[0517/142123.519:INFO:CONSOLE(183)] "Using jquery from GX distr.", source: https://start2.genexus.com/gxgral.js?126726 (183)
[0517/142123.519:INFO:CONSOLE(183)] "global $ is jquery1.9.1", source: https://start2.genexus.com/gxgral.js?126726 (183)
[0517/142132.490:INFO:CONSOLE(183)] "Using jquery from GX distr.", source: https://start2.genexus.com/gxgral.js?126726 (183)
[0517/142132.490:INFO:CONSOLE(183)] "global $ is jquery1.9.1", source: https://start2.genexus.com/gxgral.js?126726 (183)
[0517/142238.412:INFO:CONSOLE(183)] "Using jquery from GX distr.", source: https://start2.genexus.com/gxgral.js?126726 (183)
[0517/142238.412:INFO:CONSOLE(183)] "global $ is jquery1.9.1", source: https://start2.genexus.com/gxgral.js?126726 (183)
[0517/142613.394:INFO:CONSOLE(183)] "Using jquery from GX distr.", source: https://start2.genexus.com/gxgral.js?126726 (183)
[0517/142613.394:INFO:CONSOLE(183)] "global $ is jquery1.9.1", source: https://start2.genexus.com/gxgral.js?126726 (183)
